<?xml version="1.0" encoding="UTF-8"?>
<!-- Generated by org.testng.reporters.JUnitReportReporter -->
<testsuite hostname="DESKTOP-72HVRCC" failures="0" tests="4" name="testcases.ProductTests" time="7.824" errors="0" timestamp="2025-09-05T13:36:57 IST" skipped="0">
  <testcase classname="testcases.ProductTests" name="testGetLimitedProducts" time="0.607"/>
  <testcase classname="testcases.ProductTests" name="testGetSortedProduct" time="2.690"/>
  <testcase classname="testcases.ProductTests" name="testGetAllProducts" time="2.976"/>
  <testcase classname="testcases.ProductTests" name="testGetSingleProductId" time="1.551"/>
</testsuite> <!-- testcases.ProductTests -->
