<?xml version="1.0" encoding="UTF-8"?>
<!-- Generated by org.testng.reporters.JUnitReportReporter -->
<testsuite hostname="DESKTOP-72HVRCC" failures="0" tests="9" name="testcases.ProductTests" time="9.731" errors="0" timestamp="2025-09-09T18:32:47 IST" skipped="0">
  <testcase classname="testcases.ProductTests" name="testGetSingleProductId" time="0.565"/>
  <testcase classname="testcases.ProductTests" name="testGetLimitedProducts" time="2.077"/>
  <testcase classname="testcases.ProductTests" name="testGetSortedProductDescending" time="0.623"/>
  <testcase classname="testcases.ProductTests" name="testCreateProduct" time="3.008"/>
  <testcase classname="testcases.ProductTests" name="testGetAllProducts" time="1.111"/>
  <testcase classname="testcases.ProductTests" name="testDeleteRecord" time="0.599"/>
  <testcase classname="testcases.ProductTests" name="testGetProductByCategory" time="0.542"/>
  <testcase classname="testcases.ProductTests" name="testGetSortedProductAscending" time="0.560"/>
  <testcase classname="testcases.ProductTests" name="testGetAllProductCategory" time="0.646"/>
</testsuite> <!-- testcases.ProductTests -->
