<?xml version="1.0" encoding="UTF-8"?>
<!-- Generated by org.testng.reporters.JUnitReportReporter -->
<testsuite hostname="DESKTOP-72HVRCC" failures="0" tests="8" name="testcases.ProductTests" time="10.901" errors="0" timestamp="2025-09-08T01:43:01 IST" skipped="0">
  <testcase classname="testcases.ProductTests" name="testGetProductByCategory" time="1.062"/>
  <testcase classname="testcases.ProductTests" name="testGetAllProductCategory" time="1.206"/>
  <testcase classname="testcases.ProductTests" name="testCreateProduct" time="4.352"/>
  <testcase classname="testcases.ProductTests" name="testGetSortedProductAscending" time="0.538"/>
  <testcase classname="testcases.ProductTests" name="testGetSortedProductDescending" time="1.070"/>
  <testcase classname="testcases.ProductTests" name="testGetLimitedProducts" time="0.914"/>
  <testcase classname="testcases.ProductTests" name="testGetAllProducts" time="0.874"/>
  <testcase classname="testcases.ProductTests" name="testGetSingleProductId" time="0.885"/>
</testsuite> <!-- testcases.ProductTests -->
